This file contains any messages produced by compilers while
running configure, to aid debugging if configure makes a mistake.

It was created by pesco configure 1.3, which was
generated by GNU Autoconf 2.68.  Invocation command line was

  $ ./configure --build=i686-linux-gnu --prefix=/usr --includedir=${prefix}/include --mandir=${prefix}/share/man --infodir=${prefix}/share/info --sysconfdir=/etc --localstatedir=/var --libexecdir=${prefix}/lib/pesco --disable-maintainer-mode --disable-dependency-tracking

## --------- ##
## Platform. ##
## --------- ##

hostname = arsu-pc
uname -m = i686
uname -r = 3.8.0-30-generic
uname -s = Linux
uname -v = #44~precise1-Ubuntu SMP Fri Aug 23 17:33:45 UTC 2013

/usr/bin/uname -p = unknown
/bin/uname -X     = unknown

/bin/arch              = unknown
/usr/bin/arch -k       = unknown
/usr/convex/getsysinfo = unknown
/usr/bin/hostinfo      = unknown
/bin/machine           = unknown
/usr/bin/oslevel       = unknown
/bin/universe          = unknown

PATH: /usr/sbin
PATH: /usr/bin
PATH: /sbin
PATH: /bin
PATH: /usr/bin/X11


## ----------- ##
## Core tests. ##
## ----------- ##

configure:1774: checking for a BSD-compatible install
configure:1842: result: /usr/bin/install -c
configure:1853: checking whether build environment is sane
configure:1903: result: yes
configure:2044: checking for a thread-safe mkdir -p
configure:2083: result: /bin/mkdir -p
configure:2096: checking for gawk
configure:2126: result: no
configure:2096: checking for mawk
configure:2112: found /usr/bin/mawk
configure:2123: result: mawk
configure:2134: checking whether make sets $(MAKE)
configure:2156: result: yes
configure:2237: checking whether to enable maintainer-specific portions of Makefiles
configure:2246: result: no
configure:2262: checking for pkg-config
configure:2280: found /usr/bin/pkg-config
configure:2293: result: /usr/bin/pkg-config
configure:2354: checking for dmcs
configure:2372: found /usr/bin/dmcs
configure:2385: result: /usr/bin/dmcs
configure:2556: checking pkg-config is at least version 0.9.0
configure:2559: result: yes
configure:2569: checking for GTK_SHARP_20
configure:2576: $PKG_CONFIG --exists --print-errors "gtk-sharp-2.0"
configure:2579: $? = 0
configure:2593: $PKG_CONFIG --exists --print-errors "gtk-sharp-2.0"
configure:2596: $? = 0
configure:2654: result: yes
configure:2660: checking for GLIB_SHARP_20
configure:2667: $PKG_CONFIG --exists --print-errors "glib-sharp-2.0"
configure:2670: $? = 0
configure:2684: $PKG_CONFIG --exists --print-errors "glib-sharp-2.0"
configure:2687: $? = 0
configure:2745: result: yes
configure:2922: creating ./config.status

## ---------------------- ##
## Running config.status. ##
## ---------------------- ##

This file was extended by pesco config.status 1.3, which was
generated by GNU Autoconf 2.68.  Invocation command line was

  CONFIG_FILES    = 
  CONFIG_HEADERS  = 
  CONFIG_LINKS    = 
  CONFIG_COMMANDS = 
  $ ./config.status 

on arsu-pc

config.status:773: creating pesco/pesco
config.status:773: creating pesco/Makefile
config.status:773: creating Makefile
configure:3951: WARNING: unrecognized options: --disable-dependency-tracking

## ---------------- ##
## Cache variables. ##
## ---------------- ##

ac_cv_env_GLIB_SHARP_20_CFLAGS_set=
ac_cv_env_GLIB_SHARP_20_CFLAGS_value=
ac_cv_env_GLIB_SHARP_20_LIBS_set=
ac_cv_env_GLIB_SHARP_20_LIBS_value=
ac_cv_env_GTK_SHARP_20_CFLAGS_set=
ac_cv_env_GTK_SHARP_20_CFLAGS_value=
ac_cv_env_GTK_SHARP_20_LIBS_set=
ac_cv_env_GTK_SHARP_20_LIBS_value=
ac_cv_env_PKG_CONFIG_LIBDIR_set=
ac_cv_env_PKG_CONFIG_LIBDIR_value=
ac_cv_env_PKG_CONFIG_PATH_set=
ac_cv_env_PKG_CONFIG_PATH_value=
ac_cv_env_PKG_CONFIG_set=
ac_cv_env_PKG_CONFIG_value=
ac_cv_env_build_alias_set=set
ac_cv_env_build_alias_value=i686-linux-gnu
ac_cv_env_host_alias_set=
ac_cv_env_host_alias_value=
ac_cv_env_target_alias_set=
ac_cv_env_target_alias_value=
ac_cv_path_DMCS=/usr/bin/dmcs
ac_cv_path_PKG_CONFIG=/usr/bin/pkg-config
ac_cv_path_install='/usr/bin/install -c'
ac_cv_path_mkdir=/bin/mkdir
ac_cv_prog_AWK=mawk
ac_cv_prog_make_make_set=yes
pkg_cv_GLIB_SHARP_20_CFLAGS='-I:/usr/lib/pkgconfig/../../share/gapi-2.0/glib-api.xml  '
pkg_cv_GLIB_SHARP_20_LIBS='-r:/usr/lib/pkgconfig/../../lib/cli/glib-sharp-2.0/glib-sharp.dll  '
pkg_cv_GTK_SHARP_20_CFLAGS='-I:/usr/lib/pkgconfig/../../share/gapi-2.0/pango-api.xml -I:/usr/lib/pkgconfig/../../share/gapi-2.0/atk-api.xml -I:/usr/lib/pkgconfig/../../share/gapi-2.0/gdk-api.xml -I:/usr/lib/pkgconfig/../../share/gapi-2.0/gtk-api.xml -I:/usr/lib/pkgconfig/../../share/gapi-2.0/glib-api.xml  '
pkg_cv_GTK_SHARP_20_LIBS='-r:/usr/lib/pkgconfig/../../lib/cli/pango-sharp-2.0/pango-sharp.dll -r:/usr/lib/pkgconfig/../../lib/cli/atk-sharp-2.0/atk-sharp.dll -r:/usr/lib/pkgconfig/../../lib/cli/gdk-sharp-2.0/gdk-sharp.dll -r:/usr/lib/pkgconfig/../../lib/cli/gtk-sharp-2.0/gtk-sharp.dll -r:/usr/lib/pkgconfig/../../lib/cli/glib-sharp-2.0/glib-sharp.dll  '

## ----------------- ##
## Output variables. ##
## ----------------- ##

ACLOCAL='${SHELL} /home/arsu/mydass/pesco/package/pesco-1.3/missing --run aclocal-1.11'
AMTAR='$${TAR-tar}'
AUTOCONF='${SHELL} /home/arsu/mydass/pesco/package/pesco-1.3/missing --run autoconf'
AUTOHEADER='${SHELL} /home/arsu/mydass/pesco/package/pesco-1.3/missing --run autoheader'
AUTOMAKE='${SHELL} /home/arsu/mydass/pesco/package/pesco-1.3/missing --run automake-1.11'
AWK='mawk'
CYGPATH_W='echo'
DEFS='-DPACKAGE_NAME=\"pesco\" -DPACKAGE_TARNAME=\"pesco\" -DPACKAGE_VERSION=\"1.3\" -DPACKAGE_STRING=\"pesco\ 1.3\" -DPACKAGE_BUGREPORT=\"\" -DPACKAGE_URL=\"\" -DPACKAGE=\"pesco\" -DVERSION=\"1.3\"'
DMCS='/usr/bin/dmcs'
ECHO_C=''
ECHO_N='-n'
ECHO_T=''
ENABLE_DEBUG_X86_FALSE='#'
ENABLE_DEBUG_X86_TRUE=''
ENABLE_RELEASE_X86_FALSE=''
ENABLE_RELEASE_X86_TRUE='#'
GLIB_SHARP_20_CFLAGS='-I:/usr/lib/pkgconfig/../../share/gapi-2.0/glib-api.xml  '
GLIB_SHARP_20_LIBS='-r:/usr/lib/pkgconfig/../../lib/cli/glib-sharp-2.0/glib-sharp.dll  '
GTK_SHARP_20_CFLAGS='-I:/usr/lib/pkgconfig/../../share/gapi-2.0/pango-api.xml -I:/usr/lib/pkgconfig/../../share/gapi-2.0/atk-api.xml -I:/usr/lib/pkgconfig/../../share/gapi-2.0/gdk-api.xml -I:/usr/lib/pkgconfig/../../share/gapi-2.0/gtk-api.xml -I:/usr/lib/pkgconfig/../../share/gapi-2.0/glib-api.xml  '
GTK_SHARP_20_LIBS='-r:/usr/lib/pkgconfig/../../lib/cli/pango-sharp-2.0/pango-sharp.dll -r:/usr/lib/pkgconfig/../../lib/cli/atk-sharp-2.0/atk-sharp.dll -r:/usr/lib/pkgconfig/../../lib/cli/gdk-sharp-2.0/gdk-sharp.dll -r:/usr/lib/pkgconfig/../../lib/cli/gtk-sharp-2.0/gtk-sharp.dll -r:/usr/lib/pkgconfig/../../lib/cli/glib-sharp-2.0/glib-sharp.dll  '
INSTALL_DATA='${INSTALL} -m 644'
INSTALL_PROGRAM='${INSTALL}'
INSTALL_SCRIPT='${INSTALL}'
INSTALL_STRIP_PROGRAM='$(install_sh) -c -s'
LIBOBJS=''
LIBS=''
LTLIBOBJS=''
MAINT='#'
MAINTAINER_MODE_FALSE=''
MAINTAINER_MODE_TRUE='#'
MAKEINFO='${SHELL} /home/arsu/mydass/pesco/package/pesco-1.3/missing --run makeinfo'
MKDIR_P='/bin/mkdir -p'
PACKAGE='pesco'
PACKAGE_BUGREPORT=''
PACKAGE_NAME='pesco'
PACKAGE_STRING='pesco 1.3'
PACKAGE_TARNAME='pesco'
PACKAGE_URL=''
PACKAGE_VERSION='1.3'
PATH_SEPARATOR=':'
PKG_CONFIG='/usr/bin/pkg-config'
PKG_CONFIG_LIBDIR=''
PKG_CONFIG_PATH=''
SET_MAKE=''
SHELL='/bin/bash'
STRIP=''
VERSION='1.3'
am__isrc=''
am__leading_dot='.'
am__tar='$${TAR-tar} chof - "$$tardir"'
am__untar='$${TAR-tar} xf -'
bindir='${exec_prefix}/bin'
build_alias='i686-linux-gnu'
datadir='${datarootdir}'
datarootdir='${prefix}/share'
docdir='${datarootdir}/doc/${PACKAGE_TARNAME}'
dvidir='${docdir}'
exec_prefix='/usr'
expanded_bindir='/usr/bin'
expanded_datadir='/usr/share'
expanded_libdir='/usr/lib'
host_alias=''
htmldir='${docdir}'
includedir='${prefix}/include'
infodir='${prefix}/share/info'
install_sh='${SHELL} /home/arsu/mydass/pesco/package/pesco-1.3/install-sh'
libdir='${exec_prefix}/lib'
libexecdir='${prefix}/lib/pesco'
localedir='${datarootdir}/locale'
localstatedir='/var'
mandir='${prefix}/share/man'
mkdir_p='/bin/mkdir -p'
oldincludedir='/usr/include'
pdfdir='${docdir}'
prefix='/usr'
program_transform_name='s,x,x,'
psdir='${docdir}'
sbindir='${exec_prefix}/sbin'
sharedstatedir='${prefix}/com'
sysconfdir='/etc'
target_alias=''

## ----------- ##
## confdefs.h. ##
## ----------- ##

/* confdefs.h */
#define PACKAGE_NAME "pesco"
#define PACKAGE_TARNAME "pesco"
#define PACKAGE_VERSION "1.3"
#define PACKAGE_STRING "pesco 1.3"
#define PACKAGE_BUGREPORT ""
#define PACKAGE_URL ""
#define PACKAGE "pesco"
#define VERSION "1.3"

configure: exit 0
